#! /usr/bin/vvp
:ivl_version "0.9.7 " "(v0_9_7)";
:vpi_time_precision - 12;
:vpi_module "system";
:vpi_module "v2005_math";
:vpi_module "va_math";
S_0xf503f0 .scope module, "adder_tree_tb" "adder_tree_tb" 2 2;
 .timescale -9 -12;
v0xf8a7d0_0 .var "a", 7 0;
v0xf8a850_0 .var "b", 7 0;
v0xf8a8d0_0 .var "c", 7 0;
v0xf8a980_0 .var "clk", 0 0;
v0xf8aa60_0 .var "d", 7 0;
v0xf8ab10_0 .var "e", 7 0;
v0xf8ab90_0 .var "f", 7 0;
v0xf8ac40_0 .var "g", 7 0;
v0xf8acf0_0 .var "h", 7 0;
v0xf8ada0_0 .var "rst", 0 0;
v0xf8ae50_0 .net "y", 10 0, v0xf8a560_0; 1 drivers
S_0xf3d690 .scope module, "tree" "adder_tree" 2 6, 3 3, S_0xf503f0;
 .timescale -9 -12;
v0xf3d780_0 .net "a", 7 0, v0xf8a7d0_0; 1 drivers
v0xf89ab0_0 .net "b", 7 0, v0xf8a850_0; 1 drivers
v0xf89b50_0 .net "c", 7 0, v0xf8a8d0_0; 1 drivers
v0xf89bf0_0 .net "clk", 0 0, v0xf8a980_0; 1 drivers
v0xf89ca0_0 .net "d", 7 0, v0xf8aa60_0; 1 drivers
v0xf89d40_0 .net "e", 7 0, v0xf8ab10_0; 1 drivers
v0xf89e20_0 .net "f", 7 0, v0xf8ab90_0; 1 drivers
v0xf89ec0_0 .net "g", 7 0, v0xf8ac40_0; 1 drivers
v0xf89fb0_0 .net "h", 7 0, v0xf8acf0_0; 1 drivers
v0xf8a050_0 .var "i11", 8 0;
v0xf8a150_0 .var "i12", 8 0;
v0xf8a1f0_0 .var "i13", 8 0;
v0xf8a300_0 .var "i14", 8 0;
v0xf8a3a0_0 .var "i21", 9 0;
v0xf8a4c0_0 .var "i22", 9 0;
v0xf8a560_0 .var "i31", 10 0;
v0xf8a420_0 .net "rst", 0 0, v0xf8ada0_0; 1 drivers
v0xf8a6b0_0 .alias "y", 10 0, v0xf8ae50_0;
E_0xf52280 .event posedge, v0xf8a420_0, v0xf89bf0_0;
    .scope S_0xf3d690;
T_0 ;
    %wait E_0xf52280;
    %load/v 8, v0xf8a420_0, 1;
    %jmp/0xz  T_0.0, 8;
    %ix/load 0, 9, 0;
    %assign/v0 v0xf8a050_0, 0, 0;
    %ix/load 0, 9, 0;
    %assign/v0 v0xf8a150_0, 0, 0;
    %ix/load 0, 9, 0;
    %assign/v0 v0xf8a1f0_0, 0, 0;
    %ix/load 0, 9, 0;
    %assign/v0 v0xf8a300_0, 0, 0;
    %ix/load 0, 10, 0;
    %assign/v0 v0xf8a3a0_0, 0, 0;
    %ix/load 0, 10, 0;
    %assign/v0 v0xf8a4c0_0, 0, 0;
    %jmp T_0.1;
T_0.0 ;
    %load/v 8, v0xf3d780_0, 8;
    %mov 16, 0, 1;
    %load/v 17, v0xf89ab0_0, 8;
    %mov 25, 0, 1;
    %add 8, 17, 9;
    %set/v v0xf8a050_0, 8, 9;
    %load/v 8, v0xf89b50_0, 8;
    %mov 16, 0, 1;
    %load/v 17, v0xf89ca0_0, 8;
    %mov 25, 0, 1;
    %add 8, 17, 9;
    %set/v v0xf8a150_0, 8, 9;
    %load/v 8, v0xf89d40_0, 8;
    %mov 16, 0, 1;
    %load/v 17, v0xf89e20_0, 8;
    %mov 25, 0, 1;
    %add 8, 17, 9;
    %set/v v0xf8a1f0_0, 8, 9;
    %load/v 8, v0xf89ec0_0, 8;
    %mov 16, 0, 1;
    %load/v 17, v0xf89fb0_0, 8;
    %mov 25, 0, 1;
    %add 8, 17, 9;
    %set/v v0xf8a300_0, 8, 9;
    %load/v 8, v0xf8a050_0, 9;
    %mov 17, 0, 1;
    %load/v 18, v0xf8a150_0, 9;
    %mov 27, 0, 1;
    %add 8, 18, 10;
    %set/v v0xf8a3a0_0, 8, 10;
    %load/v 8, v0xf8a1f0_0, 9;
    %mov 17, 0, 1;
    %load/v 18, v0xf8a300_0, 9;
    %mov 27, 0, 1;
    %add 8, 18, 10;
    %set/v v0xf8a4c0_0, 8, 10;
    %load/v 8, v0xf8a3a0_0, 10;
    %mov 18, 0, 1;
    %load/v 19, v0xf8a4c0_0, 10;
    %mov 29, 0, 1;
    %add 8, 19, 11;
    %set/v v0xf8a560_0, 8, 11;
T_0.1 ;
    %jmp T_0;
    .thread T_0;
    .scope S_0xf503f0;
T_1 ;
    %set/v v0xf8a980_0, 0, 1;
    %end;
    .thread T_1;
    .scope S_0xf503f0;
T_2 ;
    %delay 10000, 0;
    %load/v 8, v0xf8a980_0, 1;
    %inv 8, 1;
    %set/v v0xf8a980_0, 8, 1;
    %jmp T_2;
    .thread T_2;
    .scope S_0xf503f0;
T_3 ;
    %vpi_call 2 12 "$dumpfile", "dump_adder.vcd";
    %vpi_call 2 13 "$dumpvars";
    %delay 10000, 0;
    %set/v v0xf8ada0_0, 0, 1;
    %delay 10000, 0;
    %set/v v0xf8ada0_0, 1, 1;
    %delay 10000, 0;
    %set/v v0xf8ada0_0, 0, 1;
    %movi 8, 1, 8;
    %set/v v0xf8a7d0_0, 8, 8;
    %movi 8, 2, 8;
    %set/v v0xf8a850_0, 8, 8;
    %movi 8, 3, 8;
    %set/v v0xf8a8d0_0, 8, 8;
    %movi 8, 4, 8;
    %set/v v0xf8aa60_0, 8, 8;
    %movi 8, 5, 8;
    %set/v v0xf8ab10_0, 8, 8;
    %movi 8, 6, 8;
    %set/v v0xf8ab90_0, 8, 8;
    %movi 8, 7, 8;
    %set/v v0xf8ac40_0, 8, 8;
    %movi 8, 8, 8;
    %set/v v0xf8acf0_0, 8, 8;
    %delay 200000, 0;
    %vpi_call 2 29 "$finish";
    %end;
    .thread T_3;
# The file index is used to find the file name in the following table.
:file_names 4;
    "N/A";
    "<interactive>";
    "adder_tree_tb.v";
    "adder_tree.v";
