#! /usr/bin/vvp
:ivl_version "0.9.7 " "(v0_9_7)";
:vpi_time_precision - 12;
:vpi_module "system";
:vpi_module "v2005_math";
:vpi_module "va_math";
S_0x2286a80 .scope module, "counter_tb" "counter_tb" 2 2;
 .timescale -9 -12;
v0x22bbb00_0 .var "clk", 0 0;
v0x22bbba0_0 .net "counter", 7 0, L_0x22bbd00; 1 drivers
v0x22bbc50_0 .var "reset", 0 0;
S_0x2275690 .scope module, "counter_inst" "counter" 2 7, 3 2, S_0x2286a80;
 .timescale -9 -12;
v0x2275780_0 .net *"_s3", 6 0, C4<0000000>; 1 drivers
v0x22bb790_0 .net "clk", 0 0, v0x22bbb00_0; 1 drivers
v0x22bb830_0 .var "count_reg", 7 0;
v0x22bb8d0_0 .alias "counter", 7 0, v0x22bbba0_0;
v0x22bb980_0 .net "counter_reg", 0 0, C4<z>; 0 drivers
v0x22bba20_0 .net "reset", 0 0, v0x22bbc50_0; 1 drivers
E_0x22abe30 .event posedge, v0x22bb790_0;
L_0x22bbd00 .concat [ 1 7 0 0], C4<z>, C4<0000000>;
    .scope S_0x2275690;
T_0 ;
    %wait E_0x22abe30;
    %load/v 8, v0x22bba20_0, 1;
    %jmp/0xz  T_0.0, 8;
    %ix/load 0, 8, 0;
    %assign/v0 v0x22bb830_0, 0, 0;
    %jmp T_0.1;
T_0.0 ;
    %load/v 8, v0x22bb830_0, 8;
    %mov 16, 0, 24;
    %addi 8, 1, 32;
    %set/v v0x22bb830_0, 8, 8;
T_0.1 ;
    %jmp T_0;
    .thread T_0;
    .scope S_0x2286a80;
T_1 ;
    %set/v v0x22bbb00_0, 0, 1;
    %end;
    .thread T_1;
    .scope S_0x2286a80;
T_2 ;
    %delay 5000, 0;
    %load/v 8, v0x22bbb00_0, 1;
    %inv 8, 1;
    %set/v v0x22bbb00_0, 8, 1;
    %jmp T_2;
    .thread T_2;
    .scope S_0x2286a80;
T_3 ;
    %vpi_call 2 11 "$dumpfile", "countr_dump.vcd";
    %vpi_call 2 12 "$dumpvars";
    %delay 10000, 0;
    %set/v v0x22bbc50_0, 0, 1;
    %delay 10000, 0;
    %set/v v0x22bbc50_0, 1, 1;
    %delay 10000, 0;
    %set/v v0x22bbc50_0, 0, 1;
    %delay 10000, 0;
    %set/v v0x22bbc50_0, 0, 1;
    %delay 10000, 0;
    %vpi_call 2 26 "$finish";
    %end;
    .thread T_3;
    .scope S_0x2286a80;
T_4 ;
    %vpi_call 2 30 "$monitor", "The value of count = %b", v0x22bbba0_0;
    %end;
    .thread T_4;
# The file index is used to find the file name in the following table.
:file_names 4;
    "N/A";
    "<interactive>";
    "counter_tb.v";
    "counter.v";
